TN:
SF:src/RebaseToken.sol
DA:71,14
FN:71,RebaseToken.grantMintAndBurnRole
FNDA:14,RebaseToken.grantMintAndBurnRole
DA:72,14
DA:79,775
FN:79,RebaseToken.setInterestRate
FNDA:775,RebaseToken.setInterestRate
DA:80,517
BRDA:80,0,0,258
DA:81,258
DA:83,259
DA:85,259
DA:93,1295
FN:93,RebaseToken.mint
FNDA:1295,RebaseToken.mint
DA:94,1294
DA:95,1294
DA:96,1294
DA:104,519
FN:104,RebaseToken.burn
FNDA:519,RebaseToken.burn
DA:105,518
DA:106,518
DA:118,259
FN:118,RebaseToken.transfer
FNDA:259,RebaseToken.transfer
DA:119,259
DA:120,259
DA:121,259
BRDA:121,1,0,1
DA:122,1
DA:124,259
BRDA:124,2,0,259
DA:125,259
DA:127,259
DA:137,1
FN:137,RebaseToken.transferFrom
FNDA:1,RebaseToken.transferFrom
DA:138,1
DA:139,1
DA:140,1
BRDA:140,3,0,-
DA:141,0
DA:143,1
BRDA:143,4,0,1
DA:144,1
DA:146,1
DA:156,2332
FN:156,RebaseToken._mintAccuredInterest
FNDA:2332,RebaseToken._mintAccuredInterest
DA:158,2332
DA:160,2332
DA:162,2332
DA:164,2332
DA:166,2332
DA:177,516
FN:177,RebaseToken.getUserInterestRate
FNDA:516,RebaseToken.getUserInterestRate
DA:178,516
DA:185,518
FN:185,RebaseToken.getInterestRate
FNDA:518,RebaseToken.getInterestRate
DA:186,518
DA:195,3104
FN:195,RebaseToken.balanceOf
FNDA:3104,RebaseToken.balanceOf
DA:199,5697
DA:206,5697
FN:206,RebaseToken._calculateUserAccumlatedInterestSinceLastUpdate
FNDA:5697,RebaseToken._calculateUserAccumlatedInterestSinceLastUpdate
DA:216,5697
DA:217,5697
DA:225,516
FN:225,RebaseToken.principleBalanceOf
FNDA:516,RebaseToken.principleBalanceOf
DA:226,516
FNF:12
FNH:12
LF:47
LH:46
BRF:5
BRH:4
end_of_record
TN:
SF:src/Vault.sol
DA:18,14
FN:18,Vault.constructor
FNDA:14,Vault.constructor
DA:19,14
DA:28,1294
FN:28,Vault.deposit
FNDA:1294,Vault.deposit
DA:30,1294
DA:31,1294
DA:38,518
FN:38,Vault.redeem
FNDA:518,Vault.redeem
DA:39,518
BRDA:39,0,0,516
DA:40,516
DA:43,518
DA:45,518
DA:46,518
BRDA:46,1,0,1
DA:47,1
DA:49,517
DA:56,1
FN:56,Vault.getRebaseTokenAddress
FNDA:1,Vault.getRebaseTokenAddress
DA:57,1
FNF:4
FNH:4
LF:15
LH:15
BRF:2
BRH:2
end_of_record
TN:
SF:test/RebaseToken.t.sol
DA:14,1
FN:14,RejectETH.receive
FNDA:1,RejectETH.receive
DA:15,1
FNF:1
FNH:1
LF:2
LH:2
BRF:0
BRH:0
end_of_record
